Arguments: 
  C:\Program Files\nodejs\node.exe C:\Users\Admin\AppData\Roaming\npm\node_modules\yarn\bin\yarn.js install

PATH: 
  C:\ProgramData\Oracle\Java\javapath;C:\Windows\system32;C:\Windows;C:\Windows\System32\Wbem;C:\Windows\System32\WindowsPowerShell\v1.0\;C:\Windows\System32\OpenSSH\;C:\Program Files (x86)\NVIDIA Corporation\PhysX\Common;C:\Program Files\NVIDIA Corporation\NVIDIA NvDLISR;C:\Program Files\IBM\SPSS\Statistics\25\JRE\bin;C:\Program Files\Git\cmd;C:\Program Files\nodejs\;C:\ProgramData\chocolatey\bin;C:\xampp\php;C:\ProgramData\ComposerSetup\bin;C:\Program Files\MongoDB\Server\6.0\bin;%AppData%\Yarn\bin;C:\Users\Admin\AppData\Local\Microsoft\WindowsApps;C:\Users\Admin\AppData\Local\GitHubDesktop\bin;C:\Users\Admin\AppData\Local\Programs\Microsoft VS Code\bin;C:\Users\Admin\AppData\Roaming\Microsoft\Windows\Start Menu\Programs\Python 3.11;C:\Users\Admin\AppData\Roaming\Microsoft\Windows\Start Menu\Programs\Python 3.11\Scripts;;C:\Program Files\JetBrains\DataGrip 2022.2.5\bin;;C:\Users\Admin\AppData\Roaming\npm;C:\Users\Admin\AppData\Roaming\Composer\vendor\bin

Yarn version: 
  1.22.19

Node version: 
  19.1.0

Platform: 
  win32 x64

Trace: 
  TypeError [ERR_INVALID_ARG_TYPE]: The "path" argument must be of type string. Received [Object: null prototype]
      at new NodeError (node:internal/errors:393:5)
      at validateString (node:internal/validators:163:11)
      at Object.isAbsolute (node:path:407:5)
      at module.exports.exports.default (C:\Users\Admin\AppData\Roaming\npm\node_modules\yarn\lib\cli.js:97087:16)
      at C:\Users\Admin\AppData\Roaming\npm\node_modules\yarn\lib\cli.js:51330:63
      at Generator.next (<anonymous>)
      at step (C:\Users\Admin\AppData\Roaming\npm\node_modules\yarn\lib\cli.js:310:30)
      at C:\Users\Admin\AppData\Roaming\npm\node_modules\yarn\lib\cli.js:321:13

npm manifest: 
  {
    "name": "vaximate",
    "version": "1.0.0",
    "main": "node_modules/expo/AppEntry.js",
    "scripts": {
      "start": "expo start",
      "android": "expo start --android",
      "ios": "expo start --ios",
      "web": "expo start --web"
    },
    "dependencies": {
      "@expo-google-fonts/montserrat": "^0.2.3",
      "@expo-google-fonts/roboto": "^0.2.3",
      "@expo/config-plugins": "~6.0.0",
      "@expo/prebuild-config": "6.0.0",
      "@react-native-async-storage/async-storage": "1.17.11",
      "@react-native-community/datetimepicker": "6.7.3",
      "@react-navigation/drawer": "^6.6.2",
      "@react-navigation/native": "^6.1.6",
      "@react-navigation/native-stack": "^6.9.12",
      "@react-navigation/stack": "^6.3.16",
      "axios": "^1.4.0",
      "expo": "48.0.17",
      "expo-notifications": "~0.18.1",
      "expo-permissions": "~14.1.1",
      "expo-status-bar": "~1.4.4",
      "expo-updates": "~0.16.4",
      "react": "18.2.0",
      "react-native": "0.71.8",
      "react-native-calendars": "^1.1298.0",
      "react-native-elements": "^3.4.3",
      "react-native-gesture-handler": "~2.9.0",
      "react-native-paper": "^5.8.0",
      "react-native-reanimated": "~2.14.4",
      "react-native-safe-area-context": "4.5.0",
      "react-native-screens": "~3.20.0",
      "react-native-vector-icons": "^9.2.0",
      "react-native-web": "~0.18.11",
      "resolutions": {
        "@expo/config-plugins": "~6.0.0",
        "@expo/prebuild-config": "6.0.0"
      }
    },
    "devDependencies": {
      "@babel/core": "^7.20.0",
      "eas-cli": "^3.14.0"
    },
    "private": true
  }

yarn manifest: 
  No manifest

Lockfile: 
  No lockfile
